[11:44:48] [Server thread/INFO]: Starting minecraft server version 1.11.2
[11:44:48] [Server thread/INFO]: Loading properties
[11:44:48] [Server console handler/ERROR]: Exception handling console input
java.io.IOException: The handle is invalid
	at java.io.FileInputStream.readBytes(Native Method) ~[?:1.8.0_101]
	at java.io.FileInputStream.read(Unknown Source) ~[?:1.8.0_101]
	at java.io.BufferedInputStream.fill(Unknown Source) ~[?:1.8.0_101]
	at java.io.BufferedInputStream.read(Unknown Source) ~[?:1.8.0_101]
	at org.bukkit.craftbukkit.libs.jline.internal.NonBlockingInputStream.read(NonBlockingInputStream.java:248) ~[craftbukkit.jar:git-Bukkit-c1aa859]
	at org.bukkit.craftbukkit.libs.jline.internal.InputStreamReader.read(InputStreamReader.java:261) ~[craftbukkit.jar:git-Bukkit-c1aa859]
	at org.bukkit.craftbukkit.libs.jline.internal.InputStreamReader.read(InputStreamReader.java:198) ~[craftbukkit.jar:git-Bukkit-c1aa859]
	at org.bukkit.craftbukkit.libs.jline.console.ConsoleReader.readCharacter(ConsoleReader.java:2145) ~[craftbukkit.jar:git-Bukkit-c1aa859]
	at org.bukkit.craftbukkit.libs.jline.console.ConsoleReader.readLineSimple(ConsoleReader.java:3183) ~[craftbukkit.jar:git-Bukkit-c1aa859]
	at org.bukkit.craftbukkit.libs.jline.console.ConsoleReader.readLine(ConsoleReader.java:2333) ~[craftbukkit.jar:git-Bukkit-c1aa859]
	at org.bukkit.craftbukkit.libs.jline.console.ConsoleReader.readLine(ConsoleReader.java:2269) ~[craftbukkit.jar:git-Bukkit-c1aa859]
	at org.bukkit.craftbukkit.libs.jline.console.ConsoleReader.readLine(ConsoleReader.java:2257) ~[craftbukkit.jar:git-Bukkit-c1aa859]
	at net.minecraft.server.v1_11_R1.DedicatedServer$2.run(DedicatedServer.java:85) [craftbukkit.jar:git-Bukkit-c1aa859]
[11:44:48] [Server thread/INFO]: Default game type: SURVIVAL
[11:44:48] [Server thread/INFO]: Generating keypair
[11:44:48] [Server thread/INFO]: Starting Minecraft server on *:25565
[11:44:48] [Server thread/INFO]: Using default channel type
[11:44:48] [Server thread/INFO]: This server is running CraftBukkit version git-Bukkit-c1aa859 (MC: 1.11.2) (Implementing API version 1.11.2-R0.1-SNAPSHOT)
[11:44:48] [Server thread/INFO]: Preparing level "world"
[11:44:48] [Server thread/INFO]: Preparing start region for level 0 (Seed: 7402280595324735344)
[11:44:49] [Server thread/INFO]: Preparing spawn area: 93%
[11:44:49] [Server thread/INFO]: Preparing start region for level 1 (Seed: 7402280595324735344)
[11:44:50] [Server thread/INFO]: Preparing start region for level 2 (Seed: 7402280595324735344)
[11:44:50] [Server thread/INFO]: Server permissions file permissions.yml is empty, ignoring it
[11:44:50] [Server thread/INFO]: Done (1.889s)! For help, type "help" or "?"
